#
# There is insufficient memory for the Java Runtime Environment to continue.
# Native memory allocation (malloc) failed to allocate 1048576 bytes for AllocateHeap
# Possible reasons:
#   The system is out of physical RAM or swap space
#   In 32 bit mode, the process size limit was hit
# Possible solutions:
#   Reduce memory load on the system
#   Increase physical memory or swap space
#   Check if swap backing store is full
#   Use 64 bit Java on a 64 bit OS
#   Decrease Java heap size (-Xmx/-Xms)
#   Decrease number of Java threads
#   Decrease Java thread stack sizes (-Xss)
#   Set larger code cache with -XX:ReservedCodeCacheSize=
# This output file may be truncated or incomplete.
#
#  Out of Memory Error (memory/allocation.inline.hpp:61), pid=5680, tid=0x0000000000001cbc
#
# JRE version:  (8.0_152-b01) (build )
# Java VM: OpenJDK 64-Bit Server VM (25.152-b01 mixed mode windows-amd64 compressed oops)
# Failed to write core dump. Minidumps are not enabled by default on client versions of Windows
#

---------------  T H R E A D  ---------------

Current thread (0x00000000021ed800):  JavaThread "Unknown thread" [_thread_in_vm, id=7356, stack(0x0000000002210000,0x0000000002310000)]

Stack: [0x0000000002210000,0x0000000002310000]
[error occurred during error reporting (printing stack bounds), id 0xc0000005]

Native frames: (J=compiled Java code, j=interpreted, Vv=VM code, C=native code)


---------------  P R O C E S S  ---------------

Java Threads: ( => current thread )

Other Threads:

=>0x00000000021ed800 (exited) JavaThread "Unknown thread" [_thread_in_vm, id=7356, stack(0x0000000002210000,0x0000000002310000)]

VM state:not at safepoint (normal execution)

VM Mutex/Monitor currently owned by a thread: None

Heap:
 PSYoungGen      total 32768K, used 563K [0x00000000db700000, 0x00000000ddb80000, 0x0000000100000000)
  eden space 28160K, 2% used [0x00000000db700000,0x00000000db78ccd8,0x00000000dd280000)
  from space 4608K, 0% used [0x00000000dd700000,0x00000000dd700000,0x00000000ddb80000)
  to   space 4608K, 0% used [0x00000000dd280000,0x00000000dd280000,0x00000000dd700000)
 ParOldGen       total 75264K, used 0K [0x0000000092400000, 0x0000000096d80000, 0x00000000db700000)
  object space 75264K, 0% used [0x0000000092400000,0x0000000092400000,0x0000000096d80000)
 Metaspace       used 772K, capacity 4480K, committed 4480K, reserved 1056768K
  class space    used 73K, capacity 384K, committed 384K, reserved 1048576K

Card table byte_map: [0x00000000117d0000,0x0000000011b40000] byte_map_base: 0x000000001133e000

Marking Bits: (ParMarkBitMap*) 0x00000000614e3950
 Begin Bits: [0x0000000012190000, 0x0000000013d00000)
 End Bits:   [0x0000000013d00000, 0x0000000015870000)

Polling page: 0x0000000000560000

CodeCache: size=245760Kb used=328Kb max_used=328Kb free=245431Kb
 bounds [0x0000000002410000, 0x0000000002680000, 0x0000000011410000]
 total_blobs=57 nmethods=0 adapters=38
 compilation: enabled

Compilation events (0 events):
No events

GC Heap History (0 events):
No events

Deoptimization events (0 events):
No events

Classes redefined (0 events):
No events

Internal exceptions (0 events):
No events

Events (10 events):
Event: 0.026 loading class java/lang/Short
Event: 0.026 loading class java/lang/Short done
Event: 0.026 loading class java/lang/Integer
Event: 0.026 loading class java/lang/Integer done
Event: 0.026 loading class java/lang/Long
Event: 0.026 loading class java/lang/Long done
Event: 0.027 loading class java/lang/NullPointerException
Event: 0.027 loading class java/lang/NullPointerException done
Event: 0.027 loading class java/lang/ArithmeticException
Event: 0.027 loading class java/lang/ArithmeticException done


Dynamic libraries:
0x00007ff7c2ec0000 - 0x00007ff7c2ef1000 	D:\Program Files\Android\Android Studio\jre\bin\java.exe
0x00007ff823690000 - 0x00007ff823861000 	C:\Windows\SYSTEM32\ntdll.dll
0x00007ff8210b0000 - 0x00007ff82115b000 	C:\Windows\System32\KERNEL32.DLL
0x00007ff8207f0000 - 0x00007ff820a0d000 	C:\Windows\System32\KERNELBASE.dll
0x00007ff8235e0000 - 0x00007ff823682000 	C:\Windows\System32\ADVAPI32.dll
0x00007ff8219a0000 - 0x00007ff821a3e000 	C:\Windows\System32\msvcrt.dll
0x00007ff823580000 - 0x00007ff8235d9000 	C:\Windows\System32\sechost.dll
0x00007ff8211c0000 - 0x00007ff8212e1000 	C:\Windows\System32\RPCRT4.dll
0x00007ff823400000 - 0x00007ff823565000 	C:\Windows\System32\USER32.dll
0x00007ff820c00000 - 0x00007ff820c1e000 	C:\Windows\System32\win32u.dll
0x00007ff821180000 - 0x00007ff8211b4000 	C:\Windows\System32\GDI32.dll
0x00007ff820a70000 - 0x00007ff820bf2000 	C:\Windows\System32\gdi32full.dll
0x00007ff80ffe0000 - 0x00007ff810259000 	C:\Windows\WinSxS\amd64_microsoft.windows.common-controls_6595b64144ccf1df_6.0.14393.0_none_2d0f50fcbdb171b8\COMCTL32.dll
0x00007ff821a40000 - 0x00007ff821d07000 	C:\Windows\System32\combase.dll
0x00007ff81fea0000 - 0x00007ff81ff95000 	C:\Windows\System32\ucrtbase.dll
0x00007ff8200a0000 - 0x00007ff82010a000 	C:\Windows\System32\bcryptPrimitives.dll
0x00007ff821970000 - 0x00007ff82199e000 	C:\Windows\System32\IMM32.DLL
0x0000000061820000 - 0x00000000618f2000 	D:\Program Files\Android\Android Studio\jre\jre\bin\msvcr100.dll
0x0000000060d20000 - 0x000000006155e000 	D:\Program Files\Android\Android Studio\jre\jre\bin\server\jvm.dll
0x00007ff821960000 - 0x00007ff821968000 	C:\Windows\System32\PSAPI.DLL
0x00007ff808360000 - 0x00007ff808369000 	C:\Windows\SYSTEM32\WSOCK32.dll
0x00007ff81e050000 - 0x00007ff81e073000 	C:\Windows\SYSTEM32\WINMM.dll
0x00007ff821890000 - 0x00007ff8218fa000 	C:\Windows\System32\WS2_32.dll
0x00007ff817400000 - 0x00007ff81740a000 	C:\Windows\SYSTEM32\VERSION.dll
0x00007ff81dee0000 - 0x00007ff81df0b000 	C:\Windows\SYSTEM32\WINMMBASE.dll
0x00007ff81ffa0000 - 0x00007ff81ffe2000 	C:\Windows\System32\cfgmgr32.dll
0x00007ff81d280000 - 0x00007ff81d28f000 	D:\Program Files\Android\Android Studio\jre\jre\bin\verify.dll
0x00007ff81c4f0000 - 0x00007ff81c519000 	D:\Program Files\Android\Android Studio\jre\jre\bin\java.dll
0x00007ff81bdf0000 - 0x00007ff81be06000 	D:\Program Files\Android\Android Studio\jre\jre\bin\zip.dll

VM Arguments:
jvm_args: -Djava.awt.headless=true -Dfile.encoding=windows-1252 -Duser.country=US -Duser.language=en -Duser.variant 
java_command: com.android.multidex.ClassReferenceListBuilder C:\Users\Vigneshwar\Downloads\Caboom\app\build\intermediates\multi-dex\debug\componentClasses.jar C:\Users\Vigneshwar\Downloads\Caboom\app\build\intermediates\transforms\jarMerging\debug\jars\1\1f\combined.jar
java_class_path (initial): D:\sdk\build-tools\26.0.2\lib\dx.jar
Launcher Type: SUN_STANDARD

Environment Variables:
PATH=C:\ProgramData\Oracle\Java\javapath;C:\Windows\system32;C:\Windows;C:\Windows\System32\Wbem;C:\Windows\System32\WindowsPowerShell\v1.0\;D:\Program Files\Git\cmd;D:\AppData\Local\Programs\Python\Python36-32\Scripts;D:\AppData\Local\Programs\Python\Python36-32;C:\Users\Vigneshwar\AppData\Local\Microsoft\WindowsApps;
USERNAME=Vigneshwar
OS=Windows_NT
PROCESSOR_IDENTIFIER=Intel64 Family 6 Model 58 Stepping 9, GenuineIntel



---------------  S Y S T E M  ---------------

OS: Windows 10.0 , 64 bit Build 14393 (10.0.14393.0)

CPU:total 4 (initial active 4) (2 cores per cpu, 2 threads per core) family 6 model 58 stepping 9, cmov, cx8, fxsr, mmx, sse, sse2, sse3, ssse3, sse4.1, sse4.2, popcnt, avx, clmul, erms, ht, tsc, tscinvbit, tscinv

Memory: 4k page, physical 7189136k(961608k free), swap 11097100k(5452k free)

vm_info: OpenJDK 64-Bit Server VM (25.152-b01) for windows-amd64 JRE (1.8.0_152-release-915-b01), built by "builder" with MS VC++ 10.0 (VS2010)

time: Tue Mar 06 14:01:40 2018
elapsed time: 0 seconds (0d 0h 0m 0s)

